<?xml version="1.0" encoding="UTF-8"?>
<!-- Generated by org.testng.reporters.JUnitXMLReporter -->
<testsuite ignored="1" hostname="LTILBOM20102124" failures="0" tests="1" name="Default test" time="29.622" errors="0" timestamp="2023-10-05T17:47:09 IST">
  <testcase classname="com.wk.ilien.testscripts.ILienTests" name="createEsitimatesTest" time="28.193"/>
  <testcase classname="com.wk.ilien.testscripts.ILienTests" name="loginTest" time="0.0">
    <ignored/>
  </testcase> <!-- loginTest -->
</testsuite> <!-- Default test -->
