<?xml version="1.0" encoding="UTF-8"?>
<!-- Generated by org.testng.reporters.JUnitXMLReporter -->
<testsuite ignored="0" hostname="EC2AMAZ-U86IEJV" failures="1" tests="2" name="Proviso login" time="26.369" errors="0" timestamp="2022-07-22T15:00:24 IST">
  <testcase classname="com.wk.ilean.testscripts.LoginPageTest" name="loginToProvisoApplication" time="1.491"/>
  <testcase classname="com.wk.ilean.testscripts.LoginPageTest" name="verifyGlobalSearch" time="13.94">
    <failure type="java.lang.AssertionError" message="Unable to do global search expected [true] but found [false]">
      <![CDATA[java.lang.AssertionError: Unable to do global search expected [true] but found [false]
at com.wk.ilean.testscripts.LoginPageTest.verifyGlobalSearch(LoginPageTest.java:46)
at java.base/java.util.concurrent.ThreadPoolExecutor.runWorker(ThreadPoolExecutor.java:1128)
at java.base/java.util.concurrent.ThreadPoolExecutor$Worker.run(ThreadPoolExecutor.java:628)
at java.base/java.lang.Thread.run(Thread.java:829)
... Removed 15 stack frames]]>
    </failure>
  </testcase> <!-- verifyGlobalSearch -->
</testsuite> <!-- Proviso login -->
