<?xml version="1.0" encoding="UTF-8"?>
<testng-results ignored="1" total="2" passed="1" failed="0" skipped="0">
  <reporter-output>
  </reporter-output>
  <suite started-at="2023-10-05T17:46:39 IST" name="Default suite" finished-at="2023-10-05T17:47:09 IST" duration-ms="29622">
    <groups>
    </groups>
    <test started-at="2023-10-05T17:46:39 IST" name="Default test" finished-at="2023-10-05T17:47:09 IST" duration-ms="29622">
      <class name="com.wk.ilien.testscripts.ILienTests">
        <test-method is-config="true" signature="beforeSuite()[pri:0, instance:com.wk.ilien.testscripts.ILienTests@4c309d4d]" started-at="2023-10-05T17:46:39 IST" name="beforeSuite" finished-at="2023-10-05T17:46:39 IST" duration-ms="55" status="PASS">
          <reporter-output>
          </reporter-output>
        </test-method> <!-- beforeSuite -->
        <test-method is-config="true" signature="beforeMethod(java.lang.reflect.Method)[pri:0, instance:com.wk.ilien.testscripts.ILienTests@4c309d4d]" started-at="2023-10-05T17:46:39 IST" name="beforeMethod" finished-at="2023-10-05T17:46:41 IST" duration-ms="1376" status="PASS">
          <params>
            <param index="0">
              <value>
                <![CDATA[public void com.wk.ilien.testscripts.ILienTests.createEsitimatesTest() throws java.awt.AWTException]]>
              </value>
            </param>
          </params>
          <reporter-output>
          </reporter-output>
        </test-method> <!-- beforeMethod -->
        <test-method is-config="true" signature="setup()[pri:0, instance:com.wk.ilien.testscripts.ILienTests@4c309d4d]" started-at="2023-10-05T17:46:41 IST" name="setup" finished-at="2023-10-05T17:46:41 IST" duration-ms="31" status="PASS">
          <reporter-output>
          </reporter-output>
        </test-method> <!-- setup -->
        <test-method signature="createEsitimatesTest()[pri:0, instance:com.wk.ilien.testscripts.ILienTests@4c309d4d]" started-at="2023-10-05T17:46:41 IST" name="createEsitimatesTest" finished-at="2023-10-05T17:47:09 IST" duration-ms="28193" status="PASS">
          <reporter-output>
          </reporter-output>
        </test-method> <!-- createEsitimatesTest -->
      </class> <!-- com.wk.ilien.testscripts.ILienTests -->
    </test> <!-- Default test -->
  </suite> <!-- Default suite -->
</testng-results>
